<?xml version="1.0" encoding="UTF-8"?>
<!-- Generated by org.testng.reporters.JUnitXMLReporter -->
<testsuite hostname="kicha" ignored="0" name="Test" tests="1" failures="1" timestamp="20 May 2018 08:23:54 GMT" time="0.187" errors="0">
  <testcase name="CreateAccount" time="0.116" classname="com.automationpractise.myStore.authentication.TC_001CreateAccount">
    <failure type="java.lang.NullPointerException">
      <![CDATA[java.lang.NullPointerException
	at org.openqa.selenium.support.pagefactory.DefaultElementLocator.findElement(DefaultElementLocator.java:69)
	at org.openqa.selenium.support.pagefactory.internal.LocatingElementHandler.invoke(LocatingElementHandler.java:38)
	at com.sun.proxy.$Proxy8.click(Unknown Source)
	at com.automationpractise.myStore.pages.SignIn.clickSignIn(SignIn.java:20)
	at com.automationpractise.myStore.authentication.TC_001CreateAccount.CreateAccount(TC_001CreateAccount.java:21)
... Removed 25 stack frames]]>
    </failure>
  </testcase> <!-- CreateAccount -->
</testsuite> <!-- Test -->
